{"C:\\Users\\91994\\Documents\\pinterest-clone\\backend\\app.js": {"path":"C:\\Users\\91994\\Documents\\pinterest-clone\\backend\\app.js","statementMap":{"0":{"start":{"line":1,"column":16},"end":{"line":1,"column":34}},"1":{"start":{"line":2,"column":17},"end":{"line":2,"column":36}},"2":{"start":{"line":3,"column":13},"end":{"line":3,"column":28}},"3":{"start":{"line":4,"column":22},"end":{"line":4,"column":55}},"4":{"start":{"line":5,"column":0},"end":{"line":5,"column":27}},"5":{"start":{"line":7,"column":12},"end":{"line":7,"column":21}},"6":{"start":{"line":8,"column":0},"end":{"line":8,"column":24}},"7":{"start":{"line":9,"column":0},"end":{"line":9,"column":16}},"8":{"start":{"line":12,"column":0},"end":{"line":12,"column":93}},"9":{"start":{"line":15,"column":0},"end":{"line":15,"column":40}},"10":{"start":{"line":17,"column":0},"end":{"line":17,"column":21}}},"fnMap":{},"branchMap":{},"s":{"0":1,"1":1,"2":1,"3":1,"4":1,"5":1,"6":1,"7":1,"8":1,"9":1,"10":1},"f":{},"b":{},"_coverageSchema":"1a1c01bbd47fc00a2c39e90264f33305004495a9","hash":"0f608a787b5f41d85e4cfdf2846ad5bca3d8f75b"}
,"C:\\Users\\91994\\Documents\\pinterest-clone\\backend\\models\\picture.js": {"path":"C:\\Users\\91994\\Documents\\pinterest-clone\\backend\\models\\picture.js","statementMap":{"0":{"start":{"line":1,"column":17},"end":{"line":1,"column":36}},"1":{"start":{"line":3,"column":22},"end":{"line":8,"column":2}},"2":{"start":{"line":10,"column":0},"end":{"line":10,"column":58}}},"fnMap":{},"branchMap":{},"s":{"0":1,"1":1,"2":1},"f":{},"b":{},"_coverageSchema":"1a1c01bbd47fc00a2c39e90264f33305004495a9","hash":"e126dad9d3e74a7fc3917ccfc9537ebe324cd09b"}
,"C:\\Users\\91994\\Documents\\pinterest-clone\\backend\\routes\\pictureRoutes.js": {"path":"C:\\Users\\91994\\Documents\\pinterest-clone\\backend\\routes\\pictureRoutes.js","statementMap":{"0":{"start":{"line":1,"column":16},"end":{"line":1,"column":34}},"1":{"start":{"line":2,"column":16},"end":{"line":2,"column":44}},"2":{"start":{"line":3,"column":15},"end":{"line":3,"column":31}},"3":{"start":{"line":6,"column":0},"end":{"line":11,"column":3}},"4":{"start":{"line":7,"column":18},"end":{"line":7,"column":55}},"5":{"start":{"line":8,"column":2},"end":{"line":8,"column":21}},"6":{"start":{"line":9,"column":2},"end":{"line":9,"column":23}},"7":{"start":{"line":10,"column":2},"end":{"line":10,"column":32}},"8":{"start":{"line":14,"column":0},"end":{"line":20,"column":3}},"9":{"start":{"line":15,"column":18},"end":{"line":15,"column":26}},"10":{"start":{"line":16,"column":18},"end":{"line":16,"column":55}},"11":{"start":{"line":17,"column":2},"end":{"line":17,"column":25}},"12":{"start":{"line":18,"column":2},"end":{"line":18,"column":23}},"13":{"start":{"line":19,"column":2},"end":{"line":19,"column":32}},"14":{"start":{"line":23,"column":0},"end":{"line":35,"column":3}},"15":{"start":{"line":24,"column":19},"end":{"line":24,"column":27}},"16":{"start":{"line":25,"column":18},"end":{"line":25,"column":55}},"17":{"start":{"line":26,"column":16},"end":{"line":26,"column":47}},"18":{"start":{"line":28,"column":2},"end":{"line":32,"column":3}},"19":{"start":{"line":29,"column":4},"end":{"line":29,"column":39}},"20":{"start":{"line":31,"column":4},"end":{"line":31,"column":33}},"21":{"start":{"line":33,"column":2},"end":{"line":33,"column":23}},"22":{"start":{"line":34,"column":2},"end":{"line":34,"column":32}},"23":{"start":{"line":37,"column":0},"end":{"line":37,"column":24}}},"fnMap":{"0":{"name":"(anonymous_0)","decl":{"start":{"line":6,"column":25},"end":{"line":6,"column":26}},"loc":{"start":{"line":6,"column":45},"end":{"line":11,"column":1}},"line":6},"1":{"name":"(anonymous_1)","decl":{"start":{"line":14,"column":24},"end":{"line":14,"column":25}},"loc":{"start":{"line":14,"column":44},"end":{"line":20,"column":1}},"line":14},"2":{"name":"(anonymous_2)","decl":{"start":{"line":23,"column":27},"end":{"line":23,"column":28}},"loc":{"start":{"line":23,"column":47},"end":{"line":35,"column":1}},"line":23}},"branchMap":{"0":{"loc":{"start":{"line":28,"column":2},"end":{"line":32,"column":3}},"type":"if","locations":[{"start":{"line":28,"column":2},"end":{"line":32,"column":3}},{"start":{"line":30,"column":9},"end":{"line":32,"column":3}}],"line":28}},"s":{"0":1,"1":1,"2":1,"3":1,"4":1,"5":1,"6":1,"7":1,"8":1,"9":0,"10":0,"11":0,"12":0,"13":0,"14":1,"15":0,"16":0,"17":0,"18":0,"19":0,"20":0,"21":0,"22":0,"23":1},"f":{"0":1,"1":0,"2":0},"b":{"0":[0,0]},"_coverageSchema":"1a1c01bbd47fc00a2c39e90264f33305004495a9","hash":"e69a5816d3244940f756d3f61375ea48352a4d2e"}
}
